<?xml version="1.0" encoding="UTF-8"?>
<testng-results ignored="0" total="1" passed="1" failed="0" skipped="0">
  <reporter-output>
  </reporter-output>
  <suite started-at="2023-07-10T12:50:39 EDT" name="Default suite" finished-at="2023-07-10T12:50:52 EDT" duration-ms="12842">
    <groups>
    </groups>
    <test started-at="2023-07-10T12:50:39 EDT" name="Default test" finished-at="2023-07-10T12:50:52 EDT" duration-ms="12842">
      <class name="testingSelenium.Log4jTestPractice">
        <test-method is-config="true" signature="setup()[pri:0, instance:testingSelenium.Log4jTestPractice@d737b89]" started-at="2023-07-10T12:50:39 EDT" name="setup" finished-at="2023-07-10T12:50:43 EDT" duration-ms="4231" status="PASS">
          <reporter-output>
          </reporter-output>
        </test-method> <!-- setup -->
        <test-method signature="log4jExample()[pri:0, instance:testingSelenium.Log4jTestPractice@d737b89]" started-at="2023-07-10T12:50:43 EDT" name="log4jExample" finished-at="2023-07-10T12:50:49 EDT" duration-ms="5984" status="PASS">
          <reporter-output>
          </reporter-output>
        </test-method> <!-- log4jExample -->
        <test-method is-config="true" signature="tear()[pri:0, instance:testingSelenium.Log4jTestPractice@d737b89]" started-at="2023-07-10T12:50:49 EDT" name="tear" finished-at="2023-07-10T12:50:52 EDT" duration-ms="2576" status="PASS">
          <reporter-output>
          </reporter-output>
        </test-method> <!-- tear -->
      </class> <!-- testingSelenium.Log4jTestPractice -->
    </test> <!-- Default test -->
  </suite> <!-- Default suite -->
</testng-results>
